2019-02-26 04:32:21,197 [Worker-1: Loading available Gradle versions] INFO  c.g.t.t.d.PublishedGradleVersions - Gradle version information cache is up-to-date. Trying to read.
2019-02-26 04:32:50,906 [Worker-3: Importing Maven projects] INFO  o.e.m.c.i.l.LifecycleMappingFactory - Using org.eclipse.m2e.jdt.JarLifecycleMapping lifecycle mapping for MavenProject: io.agileintelligence:ppmtool:0.0.1-SNAPSHOT @ C:\Users\Acer\Desktop\react\AgileIntPPMTool-branch1\PPMToolFullStack\pom.xml.
2019-02-26 04:32:55,023 [Worker-3: Importing Maven projects] INFO  o.e.m.j.i.AbstractJavaProjectConfigurator - Adding source folder /ppmtool/src/main/java
2019-02-26 04:32:55,024 [Worker-3: Importing Maven projects] INFO  o.e.m.j.i.AbstractJavaProjectConfigurator - Adding resource folder /ppmtool/src/main/resources
2019-02-26 04:32:55,032 [Worker-3: Importing Maven projects] INFO  o.e.m.j.i.AbstractJavaProjectConfigurator - Adding resource folder /ppmtool/src/main/resources
2019-02-26 04:32:55,129 [Worker-3: Importing Maven projects] INFO  o.e.m.j.i.AbstractJavaProjectConfigurator - Adding source folder /ppmtool/src/test/java
2019-02-26 04:32:56,812 [Worker-3: Importing Maven projects] INFO  o.e.m.c.i.p.ProjectConfigurationManager - Imported and configured 1 project(s) in 10 sec
2019-02-26 04:32:58,994 [Worker-11: Building workspace] INFO  o.e.m.c.i.embedder.EclipseLogger - Using 'UTF-8' encoding to copy filtered resources.
2019-02-26 04:32:59,003 [Worker-11: Building workspace] INFO  o.e.m.c.i.embedder.EclipseLogger - Copying 1 resource
2019-02-26 04:32:59,027 [Worker-11: Building workspace] INFO  o.e.m.c.i.embedder.EclipseLogger - Copying 0 resource
2019-02-26 04:32:59,032 [Worker-11: Building workspace] INFO  o.e.m.c.i.embedder.EclipseLogger - Using 'UTF-8' encoding to copy filtered resources.
2019-02-26 04:32:59,033 [Worker-11: Building workspace] INFO  o.e.m.c.i.embedder.EclipseLogger - skip non existing resourceDirectory C:\Users\Acer\Desktop\react\AgileIntPPMTool-branch1\PPMToolFullStack\src\test\resources
2019-02-26 05:16:11,295 [Worker-15: Building workspace] INFO  o.e.m.c.i.embedder.EclipseLogger - Using 'UTF-8' encoding to copy filtered resources.
2019-02-26 05:16:11,408 [Worker-15: Building workspace] INFO  o.e.m.c.i.embedder.EclipseLogger - Copying 1 resource
2019-02-26 05:16:11,413 [Worker-15: Building workspace] INFO  o.e.m.c.i.embedder.EclipseLogger - Copying 0 resource
2019-02-26 05:16:11,419 [Worker-15: Building workspace] INFO  o.e.m.c.i.embedder.EclipseLogger - Using 'UTF-8' encoding to copy filtered resources.
2019-02-26 05:16:11,420 [Worker-15: Building workspace] INFO  o.e.m.c.i.embedder.EclipseLogger - skip non existing resourceDirectory C:\Users\Acer\Desktop\react\AgileIntPPMTool-branch1\PPMToolFullStack\src\test\resources
2019-02-26 05:16:58,621 [Worker-18: Building workspace] INFO  o.e.m.c.i.embedder.EclipseLogger - Using 'UTF-8' encoding to copy filtered resources.
2019-02-26 05:16:58,623 [Worker-18: Building workspace] INFO  o.e.m.c.i.embedder.EclipseLogger - Copying 1 resource
2019-02-26 05:16:58,626 [Worker-18: Building workspace] INFO  o.e.m.c.i.embedder.EclipseLogger - Copying 0 resource
2019-02-26 05:16:58,634 [Worker-18: Building workspace] INFO  o.e.m.c.i.embedder.EclipseLogger - Using 'UTF-8' encoding to copy filtered resources.
2019-02-26 05:16:58,634 [Worker-18: Building workspace] INFO  o.e.m.c.i.embedder.EclipseLogger - skip non existing resourceDirectory C:\Users\Acer\Desktop\react\AgileIntPPMTool-branch1\PPMToolFullStack\src\test\resources
2019-02-26 05:17:24,942 [Worker-18: Building workspace] INFO  o.e.m.c.i.embedder.EclipseLogger - Using 'UTF-8' encoding to copy filtered resources.
2019-02-26 05:17:24,944 [Worker-18: Building workspace] INFO  o.e.m.c.i.embedder.EclipseLogger - Copying 1 resource
2019-02-26 05:17:24,949 [Worker-18: Building workspace] INFO  o.e.m.c.i.embedder.EclipseLogger - Copying 0 resource
2019-02-26 05:17:24,954 [Worker-18: Building workspace] INFO  o.e.m.c.i.embedder.EclipseLogger - Using 'UTF-8' encoding to copy filtered resources.
2019-02-26 05:17:24,955 [Worker-18: Building workspace] INFO  o.e.m.c.i.embedder.EclipseLogger - skip non existing resourceDirectory C:\Users\Acer\Desktop\react\AgileIntPPMTool-branch1\PPMToolFullStack\src\test\resources
2019-02-26 05:19:52,734 [Worker-17: Building workspace] INFO  o.e.m.c.i.embedder.EclipseLogger - Using 'UTF-8' encoding to copy filtered resources.
2019-02-26 05:19:52,737 [Worker-17: Building workspace] INFO  o.e.m.c.i.embedder.EclipseLogger - Copying 1 resource
2019-02-26 05:19:52,741 [Worker-17: Building workspace] INFO  o.e.m.c.i.embedder.EclipseLogger - Copying 0 resource
2019-02-26 05:19:52,745 [Worker-17: Building workspace] INFO  o.e.m.c.i.embedder.EclipseLogger - Using 'UTF-8' encoding to copy filtered resources.
2019-02-26 05:19:52,746 [Worker-17: Building workspace] INFO  o.e.m.c.i.embedder.EclipseLogger - skip non existing resourceDirectory C:\Users\Acer\Desktop\react\AgileIntPPMTool-branch1\PPMToolFullStack\src\test\resources
2019-02-26 05:20:08,730 [Worker-20: Building workspace] INFO  o.e.m.c.i.embedder.EclipseLogger - Using 'UTF-8' encoding to copy filtered resources.
2019-02-26 05:20:08,731 [Worker-20: Building workspace] INFO  o.e.m.c.i.embedder.EclipseLogger - Copying 1 resource
2019-02-26 05:20:08,734 [Worker-20: Building workspace] INFO  o.e.m.c.i.embedder.EclipseLogger - Copying 0 resource
2019-02-26 05:20:08,737 [Worker-20: Building workspace] INFO  o.e.m.c.i.embedder.EclipseLogger - Using 'UTF-8' encoding to copy filtered resources.
2019-02-26 05:20:08,737 [Worker-20: Building workspace] INFO  o.e.m.c.i.embedder.EclipseLogger - skip non existing resourceDirectory C:\Users\Acer\Desktop\react\AgileIntPPMTool-branch1\PPMToolFullStack\src\test\resources
2019-02-26 05:20:28,892 [Worker-17: Building workspace] INFO  o.e.m.c.i.embedder.EclipseLogger - Using 'UTF-8' encoding to copy filtered resources.
2019-02-26 05:20:28,893 [Worker-17: Building workspace] INFO  o.e.m.c.i.embedder.EclipseLogger - Copying 1 resource
2019-02-26 05:20:28,895 [Worker-17: Building workspace] INFO  o.e.m.c.i.embedder.EclipseLogger - Copying 0 resource
2019-02-26 05:20:28,899 [Worker-17: Building workspace] INFO  o.e.m.c.i.embedder.EclipseLogger - Using 'UTF-8' encoding to copy filtered resources.
2019-02-26 05:20:28,899 [Worker-17: Building workspace] INFO  o.e.m.c.i.embedder.EclipseLogger - skip non existing resourceDirectory C:\Users\Acer\Desktop\react\AgileIntPPMTool-branch1\PPMToolFullStack\src\test\resources
2019-02-26 05:21:10,195 [Worker-17: Building workspace] INFO  o.e.m.c.i.embedder.EclipseLogger - Using 'UTF-8' encoding to copy filtered resources.
2019-02-26 05:21:10,197 [Worker-17: Building workspace] INFO  o.e.m.c.i.embedder.EclipseLogger - Copying 1 resource
2019-02-26 05:21:10,200 [Worker-17: Building workspace] INFO  o.e.m.c.i.embedder.EclipseLogger - Copying 0 resource
2019-02-26 05:21:10,204 [Worker-17: Building workspace] INFO  o.e.m.c.i.embedder.EclipseLogger - Using 'UTF-8' encoding to copy filtered resources.
2019-02-26 05:21:10,205 [Worker-17: Building workspace] INFO  o.e.m.c.i.embedder.EclipseLogger - skip non existing resourceDirectory C:\Users\Acer\Desktop\react\AgileIntPPMTool-branch1\PPMToolFullStack\src\test\resources
2019-02-26 05:21:17,488 [Worker-15: Building workspace] INFO  o.e.m.c.i.embedder.EclipseLogger - Using 'UTF-8' encoding to copy filtered resources.
2019-02-26 05:21:17,491 [Worker-15: Building workspace] INFO  o.e.m.c.i.embedder.EclipseLogger - Copying 1 resource
2019-02-26 05:21:17,497 [Worker-15: Building workspace] INFO  o.e.m.c.i.embedder.EclipseLogger - Copying 0 resource
2019-02-26 05:21:17,506 [Worker-15: Building workspace] INFO  o.e.m.c.i.embedder.EclipseLogger - Using 'UTF-8' encoding to copy filtered resources.
2019-02-26 05:21:17,507 [Worker-15: Building workspace] INFO  o.e.m.c.i.embedder.EclipseLogger - skip non existing resourceDirectory C:\Users\Acer\Desktop\react\AgileIntPPMTool-branch1\PPMToolFullStack\src\test\resources
2019-02-26 05:21:31,276 [Worker-15: Building workspace] INFO  o.e.m.c.i.embedder.EclipseLogger - Using 'UTF-8' encoding to copy filtered resources.
2019-02-26 05:21:31,278 [Worker-15: Building workspace] INFO  o.e.m.c.i.embedder.EclipseLogger - Copying 1 resource
2019-02-26 05:21:31,281 [Worker-15: Building workspace] INFO  o.e.m.c.i.embedder.EclipseLogger - Copying 0 resource
2019-02-26 05:21:31,285 [Worker-15: Building workspace] INFO  o.e.m.c.i.embedder.EclipseLogger - Using 'UTF-8' encoding to copy filtered resources.
2019-02-26 05:21:31,286 [Worker-15: Building workspace] INFO  o.e.m.c.i.embedder.EclipseLogger - skip non existing resourceDirectory C:\Users\Acer\Desktop\react\AgileIntPPMTool-branch1\PPMToolFullStack\src\test\resources
2019-02-26 05:22:34,061 [Worker-17: Building workspace] INFO  o.e.m.c.i.embedder.EclipseLogger - Using 'UTF-8' encoding to copy filtered resources.
2019-02-26 05:22:34,062 [Worker-17: Building workspace] INFO  o.e.m.c.i.embedder.EclipseLogger - Copying 1 resource
2019-02-26 05:22:34,064 [Worker-17: Building workspace] INFO  o.e.m.c.i.embedder.EclipseLogger - Copying 0 resource
2019-02-26 05:22:34,067 [Worker-17: Building workspace] INFO  o.e.m.c.i.embedder.EclipseLogger - Using 'UTF-8' encoding to copy filtered resources.
2019-02-26 05:22:34,068 [Worker-17: Building workspace] INFO  o.e.m.c.i.embedder.EclipseLogger - skip non existing resourceDirectory C:\Users\Acer\Desktop\react\AgileIntPPMTool-branch1\PPMToolFullStack\src\test\resources
2019-02-26 05:26:37,373 [Worker-21: Building workspace] INFO  o.e.m.c.i.embedder.EclipseLogger - Using 'UTF-8' encoding to copy filtered resources.
2019-02-26 05:26:37,375 [Worker-21: Building workspace] INFO  o.e.m.c.i.embedder.EclipseLogger - Copying 1 resource
2019-02-26 05:26:37,377 [Worker-21: Building workspace] INFO  o.e.m.c.i.embedder.EclipseLogger - Copying 0 resource
2019-02-26 05:26:37,382 [Worker-21: Building workspace] INFO  o.e.m.c.i.embedder.EclipseLogger - Using 'UTF-8' encoding to copy filtered resources.
2019-02-26 05:26:37,383 [Worker-21: Building workspace] INFO  o.e.m.c.i.embedder.EclipseLogger - skip non existing resourceDirectory C:\Users\Acer\Desktop\react\AgileIntPPMTool-branch1\PPMToolFullStack\src\test\resources
2019-02-26 05:28:32,936 [Worker-24: Building workspace] INFO  o.e.m.c.i.embedder.EclipseLogger - Using 'UTF-8' encoding to copy filtered resources.
2019-02-26 05:28:32,938 [Worker-24: Building workspace] INFO  o.e.m.c.i.embedder.EclipseLogger - Copying 1 resource
2019-02-26 05:28:32,941 [Worker-24: Building workspace] INFO  o.e.m.c.i.embedder.EclipseLogger - Copying 0 resource
2019-02-26 05:28:32,945 [Worker-24: Building workspace] INFO  o.e.m.c.i.embedder.EclipseLogger - Using 'UTF-8' encoding to copy filtered resources.
2019-02-26 05:28:32,946 [Worker-24: Building workspace] INFO  o.e.m.c.i.embedder.EclipseLogger - skip non existing resourceDirectory C:\Users\Acer\Desktop\react\AgileIntPPMTool-branch1\PPMToolFullStack\src\test\resources
2019-02-26 05:34:00,114 [Worker-23: Building workspace] INFO  o.e.m.c.i.embedder.EclipseLogger - Using 'UTF-8' encoding to copy filtered resources.
2019-02-26 05:34:00,115 [Worker-23: Building workspace] INFO  o.e.m.c.i.embedder.EclipseLogger - Copying 1 resource
2019-02-26 05:34:00,117 [Worker-23: Building workspace] INFO  o.e.m.c.i.embedder.EclipseLogger - Copying 0 resource
2019-02-26 05:34:00,121 [Worker-23: Building workspace] INFO  o.e.m.c.i.embedder.EclipseLogger - Using 'UTF-8' encoding to copy filtered resources.
2019-02-26 05:34:00,122 [Worker-23: Building workspace] INFO  o.e.m.c.i.embedder.EclipseLogger - skip non existing resourceDirectory C:\Users\Acer\Desktop\react\AgileIntPPMTool-branch1\PPMToolFullStack\src\test\resources
2019-02-26 05:43:14,389 [Worker-25: Building workspace] INFO  o.e.m.c.i.embedder.EclipseLogger - Using 'UTF-8' encoding to copy filtered resources.
2019-02-26 05:43:14,391 [Worker-25: Building workspace] INFO  o.e.m.c.i.embedder.EclipseLogger - Copying 1 resource
2019-02-26 05:43:14,396 [Worker-25: Building workspace] INFO  o.e.m.c.i.embedder.EclipseLogger - Copying 0 resource
2019-02-26 05:43:14,400 [Worker-25: Building workspace] INFO  o.e.m.c.i.embedder.EclipseLogger - Using 'UTF-8' encoding to copy filtered resources.
2019-02-26 05:43:14,401 [Worker-25: Building workspace] INFO  o.e.m.c.i.embedder.EclipseLogger - skip non existing resourceDirectory C:\Users\Acer\Desktop\react\AgileIntPPMTool-branch1\PPMToolFullStack\src\test\resources
2019-02-26 05:54:39,288 [Worker-25: Building workspace] INFO  o.e.m.c.i.embedder.EclipseLogger - Using 'UTF-8' encoding to copy filtered resources.
2019-02-26 05:54:39,293 [Worker-25: Building workspace] INFO  o.e.m.c.i.embedder.EclipseLogger - Copying 1 resource
2019-02-26 05:54:39,295 [Worker-25: Building workspace] INFO  o.e.m.c.i.embedder.EclipseLogger - Copying 0 resource
2019-02-26 05:54:39,298 [Worker-25: Building workspace] INFO  o.e.m.c.i.embedder.EclipseLogger - Using 'UTF-8' encoding to copy filtered resources.
2019-02-26 05:54:39,299 [Worker-25: Building workspace] INFO  o.e.m.c.i.embedder.EclipseLogger - skip non existing resourceDirectory C:\Users\Acer\Desktop\react\AgileIntPPMTool-branch1\PPMToolFullStack\src\test\resources
2019-02-27 03:23:18,931 [Worker-1: Loading available Gradle versions] INFO  c.g.t.t.d.PublishedGradleVersions - Gradle version information cache is up-to-date. Trying to read.
2019-02-27 03:23:58,549 [Worker-17: Building workspace] INFO  o.e.m.c.i.embedder.EclipseLogger - Using 'UTF-8' encoding to copy filtered resources.
2019-02-27 03:23:58,577 [Worker-17: Building workspace] INFO  o.e.m.c.i.embedder.EclipseLogger - Copying 1 resource
2019-02-27 03:23:58,593 [Worker-17: Building workspace] INFO  o.e.m.c.i.embedder.EclipseLogger - Copying 0 resource
2019-02-27 03:23:58,597 [Worker-17: Building workspace] INFO  o.e.m.c.i.embedder.EclipseLogger - Using 'UTF-8' encoding to copy filtered resources.
2019-02-27 03:23:58,597 [Worker-17: Building workspace] INFO  o.e.m.c.i.embedder.EclipseLogger - skip non existing resourceDirectory C:\Users\Acer\Desktop\react\AgileIntPPMTool-branch1\PPMToolFullStack\src\test\resources
2019-02-27 03:50:03,269 [Worker-27: Launching PpmtoolApplication] INFO  o.e.m.c.i.embedder.EclipseLogger - Using 'UTF-8' encoding to copy filtered resources.
2019-02-27 03:50:03,269 [Worker-27: Launching PpmtoolApplication] INFO  o.e.m.c.i.embedder.EclipseLogger - Copying 1 resource
2019-02-27 03:50:03,285 [Worker-27: Launching PpmtoolApplication] INFO  o.e.m.c.i.embedder.EclipseLogger - Copying 0 resource
2019-02-27 03:50:03,285 [Worker-27: Launching PpmtoolApplication] INFO  o.e.m.c.i.embedder.EclipseLogger - Using 'UTF-8' encoding to copy filtered resources.
2019-02-27 03:50:03,285 [Worker-27: Launching PpmtoolApplication] INFO  o.e.m.c.i.embedder.EclipseLogger - skip non existing resourceDirectory C:\Users\Acer\Desktop\react\AgileIntPPMTool-branch1\PPMToolFullStack\src\test\resources
2019-02-27 03:54:16,140 [Worker-31: Building workspace] INFO  o.e.m.c.i.embedder.EclipseLogger - Using 'UTF-8' encoding to copy filtered resources.
2019-02-27 03:54:16,140 [Worker-31: Building workspace] INFO  o.e.m.c.i.embedder.EclipseLogger - Copying 1 resource
2019-02-27 03:54:16,140 [Worker-31: Building workspace] INFO  o.e.m.c.i.embedder.EclipseLogger - Copying 0 resource
2019-02-27 03:54:16,151 [Worker-31: Building workspace] INFO  o.e.m.c.i.embedder.EclipseLogger - Using 'UTF-8' encoding to copy filtered resources.
2019-02-27 03:54:16,151 [Worker-31: Building workspace] INFO  o.e.m.c.i.embedder.EclipseLogger - skip non existing resourceDirectory C:\Users\Acer\Desktop\react\AgileIntPPMTool-branch1\PPMToolFullStack\src\test\resources
2019-02-27 04:03:19,396 [Worker-35: Building workspace] INFO  o.e.m.c.i.embedder.EclipseLogger - Using 'UTF-8' encoding to copy filtered resources.
2019-02-27 04:03:19,396 [Worker-35: Building workspace] INFO  o.e.m.c.i.embedder.EclipseLogger - Copying 1 resource
2019-02-27 04:03:19,396 [Worker-35: Building workspace] INFO  o.e.m.c.i.embedder.EclipseLogger - Copying 0 resource
2019-02-27 04:03:19,396 [Worker-35: Building workspace] INFO  o.e.m.c.i.embedder.EclipseLogger - Using 'UTF-8' encoding to copy filtered resources.
2019-02-27 04:03:19,396 [Worker-35: Building workspace] INFO  o.e.m.c.i.embedder.EclipseLogger - skip non existing resourceDirectory C:\Users\Acer\Desktop\react\AgileIntPPMTool-branch1\PPMToolFullStack\src\test\resources
2019-02-27 04:24:50,653 [Worker-27: Launching PpmtoolApplication] INFO  o.e.m.c.i.embedder.EclipseLogger - Using 'UTF-8' encoding to copy filtered resources.
2019-02-27 04:24:50,653 [Worker-27: Launching PpmtoolApplication] INFO  o.e.m.c.i.embedder.EclipseLogger - Copying 1 resource
2019-02-27 04:24:50,653 [Worker-27: Launching PpmtoolApplication] INFO  o.e.m.c.i.embedder.EclipseLogger - Copying 0 resource
2019-02-27 04:24:50,653 [Worker-27: Launching PpmtoolApplication] INFO  o.e.m.c.i.embedder.EclipseLogger - Using 'UTF-8' encoding to copy filtered resources.
2019-02-27 04:24:50,653 [Worker-27: Launching PpmtoolApplication] INFO  o.e.m.c.i.embedder.EclipseLogger - skip non existing resourceDirectory C:\Users\Acer\Desktop\react\AgileIntPPMTool-branch1\PPMToolFullStack\src\test\resources
2019-02-27 04:40:36,307 [Worker-45: Building workspace] INFO  o.e.m.c.i.embedder.EclipseLogger - Using 'UTF-8' encoding to copy filtered resources.
2019-02-27 04:40:36,309 [Worker-45: Building workspace] INFO  o.e.m.c.i.embedder.EclipseLogger - Copying 1 resource
2019-02-27 04:40:36,312 [Worker-45: Building workspace] INFO  o.e.m.c.i.embedder.EclipseLogger - Copying 0 resource
2019-02-27 04:40:36,316 [Worker-45: Building workspace] INFO  o.e.m.c.i.embedder.EclipseLogger - Using 'UTF-8' encoding to copy filtered resources.
2019-02-27 04:40:36,316 [Worker-45: Building workspace] INFO  o.e.m.c.i.embedder.EclipseLogger - skip non existing resourceDirectory C:\Users\Acer\Desktop\react\AgileIntPPMTool-branch1\PPMToolFullStack\src\test\resources
2019-02-27 04:50:57,134 [Worker-50: Building workspace] INFO  o.e.m.c.i.embedder.EclipseLogger - Using 'UTF-8' encoding to copy filtered resources.
2019-02-27 04:50:57,134 [Worker-50: Building workspace] INFO  o.e.m.c.i.embedder.EclipseLogger - Copying 1 resource
2019-02-27 04:50:57,150 [Worker-50: Building workspace] INFO  o.e.m.c.i.embedder.EclipseLogger - Copying 0 resource
2019-02-27 04:50:57,150 [Worker-50: Building workspace] INFO  o.e.m.c.i.embedder.EclipseLogger - Using 'UTF-8' encoding to copy filtered resources.
2019-02-27 04:50:57,150 [Worker-50: Building workspace] INFO  o.e.m.c.i.embedder.EclipseLogger - skip non existing resourceDirectory C:\Users\Acer\Desktop\react\AgileIntPPMTool-branch1\PPMToolFullStack\src\test\resources
2019-02-27 05:00:47,447 [Worker-55: Building workspace] INFO  o.e.m.c.i.embedder.EclipseLogger - Using 'UTF-8' encoding to copy filtered resources.
2019-02-27 05:00:47,447 [Worker-55: Building workspace] INFO  o.e.m.c.i.embedder.EclipseLogger - Copying 1 resource
2019-02-27 05:00:47,447 [Worker-55: Building workspace] INFO  o.e.m.c.i.embedder.EclipseLogger - Copying 0 resource
2019-02-27 05:00:47,447 [Worker-55: Building workspace] INFO  o.e.m.c.i.embedder.EclipseLogger - Using 'UTF-8' encoding to copy filtered resources.
2019-02-27 05:00:47,447 [Worker-55: Building workspace] INFO  o.e.m.c.i.embedder.EclipseLogger - skip non existing resourceDirectory C:\Users\Acer\Desktop\react\AgileIntPPMTool-branch1\PPMToolFullStack\src\test\resources
2019-02-27 05:04:59,692 [Worker-56: Building workspace] INFO  o.e.m.c.i.embedder.EclipseLogger - Using 'UTF-8' encoding to copy filtered resources.
2019-02-27 05:04:59,693 [Worker-56: Building workspace] INFO  o.e.m.c.i.embedder.EclipseLogger - Copying 1 resource
2019-02-27 05:04:59,696 [Worker-56: Building workspace] INFO  o.e.m.c.i.embedder.EclipseLogger - Copying 0 resource
2019-02-27 05:04:59,699 [Worker-56: Building workspace] INFO  o.e.m.c.i.embedder.EclipseLogger - Using 'UTF-8' encoding to copy filtered resources.
2019-02-27 05:04:59,699 [Worker-56: Building workspace] INFO  o.e.m.c.i.embedder.EclipseLogger - skip non existing resourceDirectory C:\Users\Acer\Desktop\react\AgileIntPPMTool-branch1\PPMToolFullStack\src\test\resources
2019-02-28 04:10:30,908 [Worker-11: Loading available Gradle versions] INFO  c.g.t.t.d.PublishedGradleVersions - Gradle version information cache is out-of-date. Trying to update.
2019-02-28 04:11:02,113 [Worker-8: Building workspace] INFO  o.e.m.c.i.embedder.EclipseLogger - Using 'UTF-8' encoding to copy filtered resources.
2019-02-28 04:11:02,140 [Worker-8: Building workspace] INFO  o.e.m.c.i.embedder.EclipseLogger - Copying 1 resource
2019-02-28 04:11:02,163 [Worker-8: Building workspace] INFO  o.e.m.c.i.embedder.EclipseLogger - Copying 0 resource
2019-02-28 04:11:02,169 [Worker-8: Building workspace] INFO  o.e.m.c.i.embedder.EclipseLogger - Using 'UTF-8' encoding to copy filtered resources.
2019-02-28 04:11:02,169 [Worker-8: Building workspace] INFO  o.e.m.c.i.embedder.EclipseLogger - skip non existing resourceDirectory C:\Users\Acer\Desktop\react\AgileIntPPMTool-branch1\PPMToolFullStack\src\test\resources
2019-02-28 04:18:57,129 [Worker-24: Building workspace] INFO  o.e.m.c.i.embedder.EclipseLogger - Using 'UTF-8' encoding to copy filtered resources.
2019-02-28 04:18:57,139 [Worker-24: Building workspace] INFO  o.e.m.c.i.embedder.EclipseLogger - Copying 1 resource
2019-02-28 04:18:57,141 [Worker-24: Building workspace] INFO  o.e.m.c.i.embedder.EclipseLogger - Copying 0 resource
2019-02-28 04:18:57,145 [Worker-24: Building workspace] INFO  o.e.m.c.i.embedder.EclipseLogger - Using 'UTF-8' encoding to copy filtered resources.
2019-02-28 04:18:57,145 [Worker-24: Building workspace] INFO  o.e.m.c.i.embedder.EclipseLogger - skip non existing resourceDirectory C:\Users\Acer\Desktop\react\AgileIntPPMTool-branch1\PPMToolFullStack\src\test\resources
2019-02-28 04:20:27,052 [Worker-26: Building workspace] INFO  o.e.m.c.i.embedder.EclipseLogger - Using 'UTF-8' encoding to copy filtered resources.
2019-02-28 04:20:27,054 [Worker-26: Building workspace] INFO  o.e.m.c.i.embedder.EclipseLogger - Copying 1 resource
2019-02-28 04:20:27,056 [Worker-26: Building workspace] INFO  o.e.m.c.i.embedder.EclipseLogger - Copying 0 resource
2019-02-28 04:20:27,062 [Worker-26: Building workspace] INFO  o.e.m.c.i.embedder.EclipseLogger - Using 'UTF-8' encoding to copy filtered resources.
2019-02-28 04:20:27,063 [Worker-26: Building workspace] INFO  o.e.m.c.i.embedder.EclipseLogger - skip non existing resourceDirectory C:\Users\Acer\Desktop\react\AgileIntPPMTool-branch1\PPMToolFullStack\src\test\resources
2019-02-28 04:24:43,331 [Worker-27: Building workspace] INFO  o.e.m.c.i.embedder.EclipseLogger - Using 'UTF-8' encoding to copy filtered resources.
2019-02-28 04:24:43,333 [Worker-27: Building workspace] INFO  o.e.m.c.i.embedder.EclipseLogger - Copying 1 resource
2019-02-28 04:24:43,337 [Worker-27: Building workspace] INFO  o.e.m.c.i.embedder.EclipseLogger - Copying 0 resource
2019-02-28 04:24:43,340 [Worker-27: Building workspace] INFO  o.e.m.c.i.embedder.EclipseLogger - Using 'UTF-8' encoding to copy filtered resources.
2019-02-28 04:24:43,341 [Worker-27: Building workspace] INFO  o.e.m.c.i.embedder.EclipseLogger - skip non existing resourceDirectory C:\Users\Acer\Desktop\react\AgileIntPPMTool-branch1\PPMToolFullStack\src\test\resources
2019-02-28 04:25:10,376 [Worker-29: Building workspace] INFO  o.e.m.c.i.embedder.EclipseLogger - Using 'UTF-8' encoding to copy filtered resources.
2019-02-28 04:25:10,379 [Worker-29: Building workspace] INFO  o.e.m.c.i.embedder.EclipseLogger - Copying 1 resource
2019-02-28 04:25:10,381 [Worker-29: Building workspace] INFO  o.e.m.c.i.embedder.EclipseLogger - Copying 0 resource
2019-02-28 04:25:10,385 [Worker-29: Building workspace] INFO  o.e.m.c.i.embedder.EclipseLogger - Using 'UTF-8' encoding to copy filtered resources.
2019-02-28 04:25:10,385 [Worker-29: Building workspace] INFO  o.e.m.c.i.embedder.EclipseLogger - skip non existing resourceDirectory C:\Users\Acer\Desktop\react\AgileIntPPMTool-branch1\PPMToolFullStack\src\test\resources
2019-02-28 04:25:46,928 [Worker-29: Building workspace] INFO  o.e.m.c.i.embedder.EclipseLogger - Using 'UTF-8' encoding to copy filtered resources.
2019-02-28 04:25:46,930 [Worker-29: Building workspace] INFO  o.e.m.c.i.embedder.EclipseLogger - Copying 1 resource
2019-02-28 04:25:46,936 [Worker-29: Building workspace] INFO  o.e.m.c.i.embedder.EclipseLogger - Copying 0 resource
2019-02-28 04:25:46,939 [Worker-29: Building workspace] INFO  o.e.m.c.i.embedder.EclipseLogger - Using 'UTF-8' encoding to copy filtered resources.
2019-02-28 04:25:46,940 [Worker-29: Building workspace] INFO  o.e.m.c.i.embedder.EclipseLogger - skip non existing resourceDirectory C:\Users\Acer\Desktop\react\AgileIntPPMTool-branch1\PPMToolFullStack\src\test\resources
2019-02-28 04:35:15,824 [Worker-31: Building workspace] INFO  o.e.m.c.i.embedder.EclipseLogger - Using 'UTF-8' encoding to copy filtered resources.
2019-02-28 04:35:15,827 [Worker-31: Building workspace] INFO  o.e.m.c.i.embedder.EclipseLogger - Copying 1 resource
2019-02-28 04:35:15,829 [Worker-31: Building workspace] INFO  o.e.m.c.i.embedder.EclipseLogger - Copying 0 resource
2019-02-28 04:35:15,834 [Worker-31: Building workspace] INFO  o.e.m.c.i.embedder.EclipseLogger - Using 'UTF-8' encoding to copy filtered resources.
2019-02-28 04:35:15,835 [Worker-31: Building workspace] INFO  o.e.m.c.i.embedder.EclipseLogger - skip non existing resourceDirectory C:\Users\Acer\Desktop\react\AgileIntPPMTool-branch1\PPMToolFullStack\src\test\resources
2019-02-28 05:01:45,733 [Worker-47: Launching PpmtoolApplication] INFO  o.e.m.c.i.embedder.EclipseLogger - Using 'UTF-8' encoding to copy filtered resources.
2019-02-28 05:01:45,735 [Worker-47: Launching PpmtoolApplication] INFO  o.e.m.c.i.embedder.EclipseLogger - Copying 1 resource
2019-02-28 05:01:45,738 [Worker-47: Launching PpmtoolApplication] INFO  o.e.m.c.i.embedder.EclipseLogger - Copying 0 resource
2019-02-28 05:01:45,742 [Worker-47: Launching PpmtoolApplication] INFO  o.e.m.c.i.embedder.EclipseLogger - Using 'UTF-8' encoding to copy filtered resources.
2019-02-28 05:01:45,743 [Worker-47: Launching PpmtoolApplication] INFO  o.e.m.c.i.embedder.EclipseLogger - skip non existing resourceDirectory C:\Users\Acer\Desktop\react\AgileIntPPMTool-branch1\PPMToolFullStack\src\test\resources
2019-02-28 05:26:38,551 [Worker-58: Launching PpmtoolApplication] INFO  o.e.m.c.i.embedder.EclipseLogger - Using 'UTF-8' encoding to copy filtered resources.
2019-02-28 05:26:38,551 [Worker-58: Launching PpmtoolApplication] INFO  o.e.m.c.i.embedder.EclipseLogger - Copying 1 resource
2019-02-28 05:26:38,551 [Worker-58: Launching PpmtoolApplication] INFO  o.e.m.c.i.embedder.EclipseLogger - Copying 0 resource
2019-02-28 05:26:38,551 [Worker-58: Launching PpmtoolApplication] INFO  o.e.m.c.i.embedder.EclipseLogger - Using 'UTF-8' encoding to copy filtered resources.
2019-02-28 05:26:38,551 [Worker-58: Launching PpmtoolApplication] INFO  o.e.m.c.i.embedder.EclipseLogger - skip non existing resourceDirectory C:\Users\Acer\Desktop\react\AgileIntPPMTool-branch1\PPMToolFullStack\src\test\resources
2019-02-28 05:29:42,624 [Worker-51: Launching PpmtoolApplication] INFO  o.e.m.c.i.embedder.EclipseLogger - Using 'UTF-8' encoding to copy filtered resources.
2019-02-28 05:29:42,626 [Worker-51: Launching PpmtoolApplication] INFO  o.e.m.c.i.embedder.EclipseLogger - Copying 1 resource
2019-02-28 05:29:42,629 [Worker-51: Launching PpmtoolApplication] INFO  o.e.m.c.i.embedder.EclipseLogger - Copying 0 resource
2019-02-28 05:29:42,632 [Worker-51: Launching PpmtoolApplication] INFO  o.e.m.c.i.embedder.EclipseLogger - Using 'UTF-8' encoding to copy filtered resources.
2019-02-28 05:29:42,633 [Worker-51: Launching PpmtoolApplication] INFO  o.e.m.c.i.embedder.EclipseLogger - skip non existing resourceDirectory C:\Users\Acer\Desktop\react\AgileIntPPMTool-branch1\PPMToolFullStack\src\test\resources
2019-02-28 05:48:27,883 [Worker-66: Launching PpmtoolApplication] INFO  o.e.m.c.i.embedder.EclipseLogger - Using 'UTF-8' encoding to copy filtered resources.
2019-02-28 05:48:27,883 [Worker-66: Launching PpmtoolApplication] INFO  o.e.m.c.i.embedder.EclipseLogger - Copying 1 resource
2019-02-28 05:48:27,898 [Worker-66: Launching PpmtoolApplication] INFO  o.e.m.c.i.embedder.EclipseLogger - Copying 0 resource
2019-02-28 05:48:27,898 [Worker-66: Launching PpmtoolApplication] INFO  o.e.m.c.i.embedder.EclipseLogger - Using 'UTF-8' encoding to copy filtered resources.
2019-02-28 05:48:27,898 [Worker-66: Launching PpmtoolApplication] INFO  o.e.m.c.i.embedder.EclipseLogger - skip non existing resourceDirectory C:\Users\Acer\Desktop\react\AgileIntPPMTool-branch1\PPMToolFullStack\src\test\resources
2019-02-28 06:03:14,337 [Worker-79: Launching PpmtoolApplication] INFO  o.e.m.c.i.embedder.EclipseLogger - Using 'UTF-8' encoding to copy filtered resources.
2019-02-28 06:03:14,352 [Worker-79: Launching PpmtoolApplication] INFO  o.e.m.c.i.embedder.EclipseLogger - Copying 1 resource
2019-02-28 06:03:14,352 [Worker-79: Launching PpmtoolApplication] INFO  o.e.m.c.i.embedder.EclipseLogger - Copying 0 resource
2019-02-28 06:03:14,352 [Worker-79: Launching PpmtoolApplication] INFO  o.e.m.c.i.embedder.EclipseLogger - Using 'UTF-8' encoding to copy filtered resources.
2019-02-28 06:03:14,352 [Worker-79: Launching PpmtoolApplication] INFO  o.e.m.c.i.embedder.EclipseLogger - skip non existing resourceDirectory C:\Users\Acer\Desktop\react\AgileIntPPMTool-branch1\PPMToolFullStack\src\test\resources
2019-03-01 05:36:42,845 [Worker-1: Loading available Gradle versions] INFO  c.g.t.t.d.PublishedGradleVersions - Gradle version information cache is out-of-date. Trying to update.
2019-03-01 05:37:13,337 [Worker-11: Building workspace] INFO  o.e.m.c.i.embedder.EclipseLogger - Using 'UTF-8' encoding to copy filtered resources.
2019-03-01 05:37:13,365 [Worker-11: Building workspace] INFO  o.e.m.c.i.embedder.EclipseLogger - Copying 1 resource
2019-03-01 05:37:13,385 [Worker-11: Building workspace] INFO  o.e.m.c.i.embedder.EclipseLogger - Copying 0 resource
2019-03-01 05:37:13,390 [Worker-11: Building workspace] INFO  o.e.m.c.i.embedder.EclipseLogger - Using 'UTF-8' encoding to copy filtered resources.
2019-03-01 05:37:13,390 [Worker-11: Building workspace] INFO  o.e.m.c.i.embedder.EclipseLogger - skip non existing resourceDirectory C:\Users\Acer\Desktop\react\AgileIntPPMTool-branch1\PPMToolFullStack\src\test\resources
2019-03-01 06:37:52,792 [Worker-25: Launching PpmtoolApplication] INFO  o.e.m.c.i.embedder.EclipseLogger - Using 'UTF-8' encoding to copy filtered resources.
2019-03-01 06:37:52,854 [Worker-25: Launching PpmtoolApplication] INFO  o.e.m.c.i.embedder.EclipseLogger - Copying 1 resource
2019-03-01 06:37:52,854 [Worker-25: Launching PpmtoolApplication] INFO  o.e.m.c.i.embedder.EclipseLogger - Copying 0 resource
2019-03-01 06:37:52,854 [Worker-25: Launching PpmtoolApplication] INFO  o.e.m.c.i.embedder.EclipseLogger - Using 'UTF-8' encoding to copy filtered resources.
2019-03-01 06:37:52,854 [Worker-25: Launching PpmtoolApplication] INFO  o.e.m.c.i.embedder.EclipseLogger - skip non existing resourceDirectory C:\Users\Acer\Desktop\react\AgileIntPPMTool-branch1\PPMToolFullStack\src\test\resources
2019-03-01 06:38:53,228 [Worker-27: Launching PpmtoolApplication] INFO  o.e.m.c.i.embedder.EclipseLogger - Using 'UTF-8' encoding to copy filtered resources.
2019-03-01 06:38:53,228 [Worker-27: Launching PpmtoolApplication] INFO  o.e.m.c.i.embedder.EclipseLogger - Copying 1 resource
2019-03-01 06:38:53,228 [Worker-27: Launching PpmtoolApplication] INFO  o.e.m.c.i.embedder.EclipseLogger - Copying 0 resource
2019-03-01 06:38:53,243 [Worker-27: Launching PpmtoolApplication] INFO  o.e.m.c.i.embedder.EclipseLogger - Using 'UTF-8' encoding to copy filtered resources.
2019-03-01 06:38:53,243 [Worker-27: Launching PpmtoolApplication] INFO  o.e.m.c.i.embedder.EclipseLogger - skip non existing resourceDirectory C:\Users\Acer\Desktop\react\AgileIntPPMTool-branch1\PPMToolFullStack\src\test\resources
2019-03-01 06:44:41,965 [Worker-24: Building workspace] INFO  o.e.m.c.i.embedder.EclipseLogger - Using 'UTF-8' encoding to copy filtered resources.
2019-03-01 06:44:41,965 [Worker-24: Building workspace] INFO  o.e.m.c.i.embedder.EclipseLogger - Copying 1 resource
2019-03-01 06:44:41,965 [Worker-24: Building workspace] INFO  o.e.m.c.i.embedder.EclipseLogger - Copying 0 resource
2019-03-01 06:44:41,980 [Worker-24: Building workspace] INFO  o.e.m.c.i.embedder.EclipseLogger - Using 'UTF-8' encoding to copy filtered resources.
2019-03-01 06:44:41,980 [Worker-24: Building workspace] INFO  o.e.m.c.i.embedder.EclipseLogger - skip non existing resourceDirectory C:\Users\Acer\Desktop\react\AgileIntPPMTool-branch1\PPMToolFullStack\src\test\resources
2019-03-01 06:49:28,571 [Worker-33: Building workspace] INFO  o.e.m.c.i.embedder.EclipseLogger - Using 'UTF-8' encoding to copy filtered resources.
2019-03-01 06:49:28,586 [Worker-33: Building workspace] INFO  o.e.m.c.i.embedder.EclipseLogger - Copying 1 resource
2019-03-01 06:49:28,586 [Worker-33: Building workspace] INFO  o.e.m.c.i.embedder.EclipseLogger - Copying 0 resource
2019-03-01 06:49:28,586 [Worker-33: Building workspace] INFO  o.e.m.c.i.embedder.EclipseLogger - Using 'UTF-8' encoding to copy filtered resources.
2019-03-01 06:49:28,586 [Worker-33: Building workspace] INFO  o.e.m.c.i.embedder.EclipseLogger - skip non existing resourceDirectory C:\Users\Acer\Desktop\react\AgileIntPPMTool-branch1\PPMToolFullStack\src\test\resources
2019-03-02 15:08:47,231 [Worker-2: Loading available Gradle versions] INFO  c.g.t.t.d.PublishedGradleVersions - Gradle version information cache is out-of-date. Trying to update.
2019-03-02 15:09:52,619 [Worker-1: Building workspace] INFO  o.e.m.c.i.embedder.EclipseLogger - Using 'UTF-8' encoding to copy filtered resources.
2019-03-02 15:09:52,673 [Worker-1: Building workspace] INFO  o.e.m.c.i.embedder.EclipseLogger - Copying 1 resource
2019-03-02 15:09:52,689 [Worker-1: Building workspace] INFO  o.e.m.c.i.embedder.EclipseLogger - Copying 0 resource
2019-03-02 15:09:52,693 [Worker-1: Building workspace] INFO  o.e.m.c.i.embedder.EclipseLogger - Using 'UTF-8' encoding to copy filtered resources.
2019-03-02 15:09:52,693 [Worker-1: Building workspace] INFO  o.e.m.c.i.embedder.EclipseLogger - skip non existing resourceDirectory C:\Users\Acer\Desktop\react\AgileIntPPMTool-branch1\PPMToolFullStack\src\test\resources
2019-03-02 15:17:12,676 [Worker-3: Building workspace] INFO  o.e.m.c.i.embedder.EclipseLogger - Using 'UTF-8' encoding to copy filtered resources.
2019-03-02 15:17:12,785 [Worker-3: Building workspace] INFO  o.e.m.c.i.embedder.EclipseLogger - Copying 1 resource
2019-03-02 15:17:12,801 [Worker-3: Building workspace] INFO  o.e.m.c.i.embedder.EclipseLogger - Copying 0 resource
2019-03-02 15:17:12,801 [Worker-3: Building workspace] INFO  o.e.m.c.i.embedder.EclipseLogger - Using 'UTF-8' encoding to copy filtered resources.
2019-03-02 15:17:12,801 [Worker-3: Building workspace] INFO  o.e.m.c.i.embedder.EclipseLogger - skip non existing resourceDirectory C:\Users\Acer\Desktop\react\AgileIntPPMTool-branch1\PPMToolFullStack\src\test\resources
2019-03-02 17:25:12,105 [Worker-0: Loading available Gradle versions] INFO  c.g.t.t.d.PublishedGradleVersions - Gradle version information cache is up-to-date. Trying to read.
2019-03-02 17:25:57,204 [Worker-0: Building workspace] INFO  o.e.m.c.i.embedder.EclipseLogger - Using 'UTF-8' encoding to copy filtered resources.
2019-03-02 17:25:57,308 [Worker-0: Building workspace] INFO  o.e.m.c.i.embedder.EclipseLogger - Copying 1 resource
2019-03-02 17:25:57,328 [Worker-0: Building workspace] INFO  o.e.m.c.i.embedder.EclipseLogger - Copying 0 resource
2019-03-02 17:25:57,332 [Worker-0: Building workspace] INFO  o.e.m.c.i.embedder.EclipseLogger - Using 'UTF-8' encoding to copy filtered resources.
2019-03-02 17:25:57,336 [Worker-0: Building workspace] INFO  o.e.m.c.i.embedder.EclipseLogger - skip non existing resourceDirectory C:\Users\Acer\Desktop\react\AgileIntPPMTool-branch1\PPMToolFullStack\src\test\resources
2019-03-03 05:44:27,605 [Worker-1: Loading available Gradle versions] INFO  c.g.t.t.d.PublishedGradleVersions - Gradle version information cache is up-to-date. Trying to read.
2019-03-03 05:45:03,160 [Worker-6: Building workspace] INFO  o.e.m.c.i.embedder.EclipseLogger - Using 'UTF-8' encoding to copy filtered resources.
2019-03-03 05:45:03,184 [Worker-6: Building workspace] INFO  o.e.m.c.i.embedder.EclipseLogger - Copying 1 resource
2019-03-03 05:45:03,212 [Worker-6: Building workspace] INFO  o.e.m.c.i.embedder.EclipseLogger - Copying 0 resource
2019-03-03 05:45:03,220 [Worker-6: Building workspace] INFO  o.e.m.c.i.embedder.EclipseLogger - Using 'UTF-8' encoding to copy filtered resources.
2019-03-03 05:45:03,220 [Worker-6: Building workspace] INFO  o.e.m.c.i.embedder.EclipseLogger - skip non existing resourceDirectory C:\Users\Acer\Desktop\react\AgileIntPPMTool-branch1\PPMToolFullStack\src\test\resources
